<?xml version="1.0" encoding="UTF-8"?>
<testng-results ignored="0" total="1" passed="1" failed="0" skipped="0">
  <reporter-output>
  </reporter-output>
  <suite started-at="2025-09-04T19:46:33 EEST" name="Surefire suite" finished-at="2025-09-04T19:46:43 EEST" duration-ms="9751">
    <groups>
    </groups>
    <test started-at="2025-09-04T19:46:33 EEST" name="Surefire test" finished-at="2025-09-04T19:46:43 EEST" duration-ms="9751">
      <class name="ImdbSearchTest">
        <test-method is-config="true" signature="setUp()[pri:0, instance:ImdbSearchTest@4e558728]" started-at="2025-09-04T19:46:33 EEST" name="setUp" finished-at="2025-09-04T19:46:33 EEST" duration-ms="28" status="PASS">
          <reporter-output>
          </reporter-output>
        </test-method> <!-- setUp -->
        <test-method signature="testImdbSearch()[pri:0, instance:ImdbSearchTest@4e558728]" started-at="2025-09-04T19:46:33 EEST" name="testImdbSearch" description="Search for QA professionals on IMDb" finished-at="2025-09-04T19:46:42 EEST" duration-ms="9538" status="PASS">
          <reporter-output>
          </reporter-output>
        </test-method> <!-- testImdbSearch -->
        <test-method is-config="true" signature="tearDown()[pri:0, instance:ImdbSearchTest@4e558728]" started-at="2025-09-04T19:46:42 EEST" name="tearDown" finished-at="2025-09-04T19:46:43 EEST" duration-ms="145" status="PASS">
          <reporter-output>
          </reporter-output>
        </test-method> <!-- tearDown -->
      </class> <!-- ImdbSearchTest -->
    </test> <!-- Surefire test -->
  </suite> <!-- Surefire suite -->
</testng-results>
