<?xml version="1.0" encoding="UTF-8"?>
<testsuite xmlns:xsi="http://www.w3.org/2001/XMLSchema-instance" xsi:noNamespaceSchemaLocation="https://maven.apache.org/surefire/maven-surefire-plugin/xsd/surefire-test-report-3.0.xsd" version="3.0" name="ImdbSearchTest" time="10.338" tests="1" errors="0" skipped="0" failures="0">
  <properties>
[...]
</properties>
  <testcase name="testImdbSearch" classname="ImdbSearchTest" time="4.49">
    <system-out><![CDATA[Opened IMDb homepage
Search container is visible
Entered 'QA' and pressed Enter
Found 0 results

=== Top People with 'QA' in their profiles ===
========================================
Successfully extracted top 0 results
]]></system-out>
    <system-err><![CDATA[SLF4J: No SLF4J providers were found.
SLF4J: Defaulting to no-operation (NOP) logger implementation
SLF4J: See https://www.slf4j.org/codes.html#noProviders for further details.
[PlatformClassLoader@234bef66] info AspectJ Weaver Version 1.9.21.1 built on Tuesday Feb 13, 2024 at 18:11:34 PST
[PlatformClassLoader@234bef66] info register classloader jdk.internal.loader.ClassLoaders$PlatformClassLoader@234bef66
[PlatformClassLoader@234bef66] info no configuration found. Disabling weaver for class loader jdk.internal.loader.ClassLoaders$PlatformClassLoader@234bef66
Sep 04, 2025 7:46:40 PM org.openqa.selenium.devtools.CdpVersionFinder findNearestMatch
WARNING: Unable to find CDP implementation matching 140
Sep 04, 2025 7:46:40 PM org.openqa.selenium.chromium.ChromiumDriver lambda$new$5
WARNING: Unable to find version of CDP to use for 140.0.7339.81. You may need to include a dependency on a specific version of the CDP using something similar to `org.seleniumhq.selenium:selenium-devtools-v86:4.16.1` where the version ("v86") matches the version of the chromium-based browser you're using and the version number of the artifact is the same as Selenium's.
]]></system-err>
  </testcase>
</testsuite>